#
# There is insufficient memory for the Java Runtime Environment to continue.
# Native memory allocation (malloc) failed to allocate 2130096 bytes for Chunk::new
# Possible reasons:
#   The system is out of physical RAM or swap space
#   The process is running with CompressedOops enabled, and the Java Heap may be blocking the growth of the native heap
# Possible solutions:
#   Reduce memory load on the system
#   Increase physical memory or swap space
#   Check if swap backing store is full
#   Decrease Java heap size (-Xmx/-Xms)
#   Decrease number of Java threads
#   Decrease Java thread stack sizes (-Xss)
#   Set larger code cache with -XX:ReservedCodeCacheSize=
#   JVM is running with Unscaled Compressed Oops mode in which the Java heap is
#     placed in the first 4GB address space. The Java Heap base address is the
#     maximum limit for the native heap growth. Please use -XX:HeapBaseMinAddress
#     to set the Java Heap base and to place the Java Heap above 4GB virtual address.
# This output file may be truncated or incomplete.
#
#  Out of Memory Error (t:/workspace/open/src/hotspot/share/memory/arena.cpp:197), pid=10972, tid=5656
#
# JRE version: Java(TM) SE Runtime Environment (12.0+33) (build 12+33)
# Java VM: Java HotSpot(TM) 64-Bit Server VM (12+33, mixed mode, sharing, tiered, compressed oops, g1 gc, windows-amd64)
# No core dump will be written. Minidumps are not enabled by default on client versions of Windows
#

---------------  S U M M A R Y ------------

Command Line: -ea -Dfile.encoding=Cp1252 org.testng.remote.RemoteTestNG -serport 57752 -protocol json -d E:\java demo\Xinetbankingv2\test-output E:\java demo\Xinetbankingv2\Testng.xml

Host: Intel(R) Core(TM) i3 CPU       M 370  @ 2.40GHz, 4 cores, 7G,  Windows 10 , 64 bit Build 19041 (10.0.19041.3570)
Time: Mon Jan 29 01:09:57 2024 India Standard Time elapsed time: 8 seconds (0d 0h 0m 8s)

---------------  T H R E A D  ---------------

Current thread (0x000001c57fc97000):  JavaThread "C2 CompilerThread0" daemon [_thread_in_native, id=5656, stack(0x000000c4bca00000,0x000000c4bcb00000)]


Current CompileTask:
C2:   8705 2511   !   4       jdk.internal.loader.BuiltinClassLoader::loadClassOrNull (143 bytes)

Stack: [0x000000c4bca00000,0x000000c4bcb00000]
Native frames: (J=compiled Java code, j=interpreted, Vv=VM code, C=native code)
V  [jvm.dll+0x63948a]
V  [jvm.dll+0x78b31f]
V  [jvm.dll+0x78c9c1]
V  [jvm.dll+0x78d013]
V  [jvm.dll+0x262138]
V  [jvm.dll+0xc582c]
V  [jvm.dll+0xc5dac]
V  [jvm.dll+0x3796a7]
V  [jvm.dll+0x1aee00]
V  [jvm.dll+0x21c142]
V  [jvm.dll+0x21b20a]
V  [jvm.dll+0x199890]
V  [jvm.dll+0x22a534]
V  [jvm.dll+0x228b88]
V  [jvm.dll+0x74f660]
V  [jvm.dll+0x748648]
V  [jvm.dll+0x638566]
C  [ucrtbase.dll+0x21bb2]
C  [KERNEL32.DLL+0x17344]
C  [ntdll.dll+0x526b1]


---------------  P R O C E S S  ---------------

Threads class SMR info:
_java_thread_list=0x000001c5111f0380, length=26, elements={
0x000001c570957000, 0x000001c57fc72000, 0x000001c57fc73800, 0x000001c57fc8b800,
0x000001c57fc8d800, 0x000001c57fc97000, 0x000001c57fca6800, 0x000001c57fcd0000,
0x000001c50f939000, 0x000001c50f946800, 0x000001c50fbc0000, 0x000001c510899800,
0x000001c51083a800, 0x000001c51083b800, 0x000001c51098a800, 0x000001c510ba5800,
0x000001c510a84000, 0x000001c51127d800, 0x000001c510e8f800, 0x000001c511365000,
0x000001c51135f800, 0x000001c511363800, 0x000001c511366000, 0x000001c5109f5000,
0x000001c511364000, 0x000001c511360000
}

Java Threads: ( => current thread )
  0x000001c570957000 JavaThread "Forwarding get on session e967de8aad8d53e16620d1b16a69ee16 to remote" [_thread_blocked, id=4736, stack(0x000000c4bbf00000,0x000000c4bc000000)]
  0x000001c57fc72000 JavaThread "Reference Handler" daemon [_thread_blocked, id=17012, stack(0x000000c4bc600000,0x000000c4bc700000)]
  0x000001c57fc73800 JavaThread "Finalizer" daemon [_thread_blocked, id=18372, stack(0x000000c4bc700000,0x000000c4bc800000)]
  0x000001c57fc8b800 JavaThread "Signal Dispatcher" daemon [_thread_blocked, id=7060, stack(0x000000c4bc800000,0x000000c4bc900000)]
  0x000001c57fc8d800 JavaThread "Attach Listener" daemon [_thread_blocked, id=12804, stack(0x000000c4bc900000,0x000000c4bca00000)]
=>0x000001c57fc97000 JavaThread "C2 CompilerThread0" daemon [_thread_in_native, id=5656, stack(0x000000c4bca00000,0x000000c4bcb00000)]
  0x000001c57fca6800 JavaThread "C1 CompilerThread0" daemon [_thread_blocked, id=16204, stack(0x000000c4bcb00000,0x000000c4bcc00000)]
  0x000001c57fcd0000 JavaThread "Sweeper thread" daemon [_thread_blocked, id=14912, stack(0x000000c4bcc00000,0x000000c4bcd00000)]
  0x000001c50f939000 JavaThread "Service Thread" daemon [_thread_blocked, id=6652, stack(0x000000c4bcd00000,0x000000c4bce00000)]
  0x000001c50f946800 JavaThread "Common-Cleaner" daemon [_thread_blocked, id=15344, stack(0x000000c4bcf00000,0x000000c4bd000000)]
  0x000001c50fbc0000 JavaThread "ReaderThread" [_thread_in_native, id=19272, stack(0x000000c4bd100000,0x000000c4bd200000)]
  0x000001c510899800 JavaThread "ForkJoinPool.commonPool-worker-3" daemon [_thread_blocked, id=13720, stack(0x000000c4bd600000,0x000000c4bd700000)]
  0x000001c51083a800 JavaThread "ForkJoinPool.commonPool-worker-5" daemon [_thread_blocked, id=13348, stack(0x000000c4bd700000,0x000000c4bd800000)]
  0x000001c51083b800 JavaThread "ForkJoinPool.commonPool-worker-7" daemon [_thread_blocked, id=10128, stack(0x000000c4bd800000,0x000000c4bd900000)]
  0x000001c51098a800 JavaThread "AsyncHttpClient-1-1" daemon [_thread_blocked, id=13880, stack(0x000000c4bda00000,0x000000c4bdb00000)]
  0x000001c510ba5800 JavaThread "Exec Default Executor" daemon [_thread_in_native, id=20368, stack(0x000000c4bdb00000,0x000000c4bdc00000)]
  0x000001c510a84000 JavaThread "Driver Service Executor" daemon [_thread_blocked, id=5548, stack(0x000000c4bdc00000,0x000000c4bdd00000)]
  0x000001c51127d800 JavaThread "Driver Service Executor" daemon [_thread_blocked, id=18412, stack(0x000000c4bdd00000,0x000000c4bde00000)]
  0x000001c510e8f800 JavaThread "UrlChecker-2" daemon [_thread_blocked, id=8500, stack(0x000000c4bde00000,0x000000c4bdf00000)]
  0x000001c511365000 JavaThread "Exec Stream Pumper" daemon [_thread_in_native, id=18536, stack(0x000000c4bdf00000,0x000000c4be000000)]
  0x000001c51135f800 JavaThread "Exec Stream Pumper" daemon [_thread_in_native, id=1652, stack(0x000000c4be000000,0x000000c4be100000)]
  0x000001c511363800 Thread [stack: 0x000000c4bd900000,0x000000c4bda00000] [id=5088]
  0x000001c511366000 JavaThread "AsyncHttpClient-1-2" daemon [_thread_in_native, id=2372, stack(0x000000c4be100000,0x000000c4be200000)]
  0x000001c5109f5000 JavaThread "C2 CompilerThread1" daemon [_thread_blocked, id=10408, stack(0x000000c4be200000,0x000000c4be300000)]
  0x000001c511364000 JavaThread "AsyncHttpClient-1-3" daemon [_thread_in_native, id=824, stack(0x000000c4be300000,0x000000c4be400000)]
  0x000001c511360000 JavaThread "AsyncHttpClient-1-4" daemon [_thread_in_native, id=11824, stack(0x000000c4be400000,0x000000c4be500000)]

Other Threads:
  0x000001c57fc6c800 VMThread "VM Thread" [stack: 0x000000c4bc500000,0x000000c4bc600000] [id=15452]
  0x000001c50f93e000 WatcherThread [stack: 0x000000c4bce00000,0x000000c4bcf00000] [id=19492]
  0x000001c570995800 GCTaskThread "GC Thread#0" [stack: 0x000000c4bc000000,0x000000c4bc100000] [id=5424]
  0x000001c5103cb000 GCTaskThread "GC Thread#1" [stack: 0x000000c4bd200000,0x000000c4bd300000] [id=20132]
  0x000001c5103cd000 GCTaskThread "GC Thread#2" [stack: 0x000000c4bd300000,0x000000c4bd400000] [id=4944]
  0x000001c5103cb800 GCTaskThread "GC Thread#3" [stack: 0x000000c4bd400000,0x000000c4bd500000] [id=1272]
  0x000001c5709a3800 ConcurrentGCThread "G1 Main Marker" [stack: 0x000000c4bc100000,0x000000c4bc200000] [id=13168]
  0x000001c5709a6000 ConcurrentGCThread "G1 Conc#0" [stack: 0x000000c4bc200000,0x000000c4bc300000] [id=9616]
  0x000001c570a29000 ConcurrentGCThread "G1 Refine#0" [stack: 0x000000c4bc300000,0x000000c4bc400000] [id=14120]
  0x000001c50f9bf800 ConcurrentGCThread "G1 Refine#1" [stack: 0x000000c4bd500000,0x000000c4bd600000] [id=19620]
  0x000001c57faf0800 ConcurrentGCThread "G1 Young RemSet Sampling" [stack: 0x000000c4bc400000,0x000000c4bc500000] [id=16032]

Threads with active compile tasks:
C2 CompilerThread0  2511   !   4       jdk.internal.loader.BuiltinClassLoader::loadClassOrNull (143 bytes)

VM state:not at safepoint (normal execution)

VM Mutex/Monitor currently owned by a thread: None

Heap address: 0x0000000083200000, size: 1998 MB, Compressed Oops mode: 32-bit
Narrow klass base: 0x0000000800000000, Narrow klass shift: 3
Compressed class space size: 1073741824 Address: 0x00000008011a0000

Heap:
 garbage-first heap   total 51200K, used 34406K [0x0000000083200000, 0x0000000100000000)
  region size 1024K, 19 young (19456K), 2 survivors (2048K)
 Metaspace       used 26682K, capacity 27727K, committed 27952K, reserved 1073152K
  class space    used 3471K, capacity 3881K, committed 3968K, reserved 1048576K
Heap Regions: E=young(eden), S=young(survivor), O=old, HS=humongous(starts), HC=humongous(continues), CS=collection set, F=free, A=archive, TAMS=top-at-mark-start (previous, next)
|   0|0x0000000083200000, 0x0000000083300000, 0x0000000083300000|100%| O|  |TAMS 0x0000000083300000, 0x0000000083200000| Untracked 
|   1|0x0000000083300000, 0x0000000083400000, 0x0000000083400000|100%| O|  |TAMS 0x0000000083400000, 0x0000000083300000| Untracked 
|   2|0x0000000083400000, 0x0000000083500000, 0x0000000083500000|100%| O|  |TAMS 0x0000000083500000, 0x0000000083400000| Untracked 
|   3|0x0000000083500000, 0x0000000083600000, 0x0000000083600000|100%| O|  |TAMS 0x0000000083600000, 0x0000000083500000| Untracked 
|   4|0x0000000083600000, 0x0000000083700000, 0x0000000083700000|100%| O|  |TAMS 0x0000000083700000, 0x0000000083600000| Untracked 
|   5|0x0000000083700000, 0x0000000083800000, 0x0000000083800000|100%| O|  |TAMS 0x0000000083800000, 0x0000000083700000| Untracked 
|   6|0x0000000083800000, 0x0000000083878c00, 0x0000000083900000| 47%| O|  |TAMS 0x0000000083878c00, 0x0000000083800000| Untracked 
|   7|0x0000000083900000, 0x0000000083a00000, 0x0000000083a00000|100%| O|  |TAMS 0x0000000083900000, 0x0000000083900000| Untracked 
|   8|0x0000000083a00000, 0x0000000083b00000, 0x0000000083b00000|100%| O|  |TAMS 0x0000000083a00000, 0x0000000083a00000| Untracked 
|   9|0x0000000083b00000, 0x0000000083c00000, 0x0000000083c00000|100%| O|  |TAMS 0x0000000083b00000, 0x0000000083b00000| Untracked 
|  10|0x0000000083c00000, 0x0000000083d00000, 0x0000000083d00000|100%| O|  |TAMS 0x0000000083c00000, 0x0000000083c00000| Untracked 
|  11|0x0000000083d00000, 0x0000000083dedc00, 0x0000000083e00000| 92%| O|  |TAMS 0x0000000083d00000, 0x0000000083d00000| Untracked 
|  12|0x0000000083e00000, 0x0000000083f00000, 0x0000000083f00000|100%|HS|  |TAMS 0x0000000083e00000, 0x0000000083e00000| Complete 
|  13|0x0000000083f00000, 0x0000000084000000, 0x0000000084000000|100%|HC|  |TAMS 0x0000000083f00000, 0x0000000083f00000| Complete 
|  14|0x0000000084000000, 0x0000000084100000, 0x0000000084100000|100%|HC|  |TAMS 0x0000000084000000, 0x0000000084000000| Complete 
|  15|0x0000000084100000, 0x0000000084200000, 0x0000000084200000|100%|HC|  |TAMS 0x0000000084100000, 0x0000000084100000| Complete 
|  16|0x0000000084200000, 0x0000000084300000, 0x0000000084300000|100%|HC|  |TAMS 0x0000000084200000, 0x0000000084200000| Complete 
|  17|0x0000000084300000, 0x0000000084300000, 0x0000000084400000|  0%| F|  |TAMS 0x0000000084300000, 0x0000000084300000| Untracked 
|  18|0x0000000084400000, 0x00000000844333b0, 0x0000000084500000| 20%| S|CS|TAMS 0x0000000084400000, 0x0000000084400000| Complete 
|  19|0x0000000084500000, 0x0000000084600000, 0x0000000084600000|100%| S|CS|TAMS 0x0000000084500000, 0x0000000084500000| Complete 
|  20|0x0000000084600000, 0x0000000084600000, 0x0000000084700000|  0%| F|  |TAMS 0x0000000084600000, 0x0000000084600000| Untracked 
|  21|0x0000000084700000, 0x0000000084700000, 0x0000000084800000|  0%| F|  |TAMS 0x0000000084700000, 0x0000000084700000| Untracked 
|  22|0x0000000084800000, 0x0000000084800000, 0x0000000084900000|  0%| F|  |TAMS 0x0000000084800000, 0x0000000084800000| Untracked 
|  23|0x0000000084900000, 0x0000000084900000, 0x0000000084a00000|  0%| F|  |TAMS 0x0000000084900000, 0x0000000084900000| Untracked 
|  24|0x0000000084a00000, 0x0000000084a00000, 0x0000000084b00000|  0%| F|  |TAMS 0x0000000084a00000, 0x0000000084a00000| Untracked 
|  25|0x0000000084b00000, 0x0000000084b00000, 0x0000000084c00000|  0%| F|  |TAMS 0x0000000084b00000, 0x0000000084b00000| Untracked 
|  26|0x0000000084c00000, 0x0000000084c00000, 0x0000000084d00000|  0%| F|  |TAMS 0x0000000084c00000, 0x0000000084c00000| Untracked 
|  27|0x0000000084d00000, 0x0000000084d00000, 0x0000000084e00000|  0%| F|  |TAMS 0x0000000084d00000, 0x0000000084d00000| Untracked 
|  28|0x0000000084e00000, 0x0000000084e00000, 0x0000000084f00000|  0%| F|  |TAMS 0x0000000084e00000, 0x0000000084e00000| Untracked 
|  29|0x0000000084f00000, 0x0000000084f00000, 0x0000000085000000|  0%| F|  |TAMS 0x0000000084f00000, 0x0000000084f00000| Untracked 
|  30|0x0000000085000000, 0x0000000085000000, 0x0000000085100000|  0%| F|  |TAMS 0x0000000085000000, 0x0000000085000000| Untracked 
|  31|0x0000000085100000, 0x0000000085100000, 0x0000000085200000|  0%| F|  |TAMS 0x0000000085100000, 0x0000000085100000| Untracked 
|  32|0x0000000085200000, 0x0000000085200000, 0x0000000085300000|  0%| F|  |TAMS 0x0000000085200000, 0x0000000085200000| Untracked 
|  33|0x0000000085300000, 0x0000000085392fd8, 0x0000000085400000| 57%| E|  |TAMS 0x0000000085300000, 0x0000000085300000| Complete 
|  34|0x0000000085400000, 0x0000000085500000, 0x0000000085500000|100%| E|CS|TAMS 0x0000000085400000, 0x0000000085400000| Complete 
|  35|0x0000000085500000, 0x0000000085600000, 0x0000000085600000|100%| E|CS|TAMS 0x0000000085500000, 0x0000000085500000| Complete 
|  36|0x0000000085600000, 0x0000000085700000, 0x0000000085700000|100%| E|CS|TAMS 0x0000000085600000, 0x0000000085600000| Complete 
|  37|0x0000000085700000, 0x0000000085800000, 0x0000000085800000|100%| E|CS|TAMS 0x0000000085700000, 0x0000000085700000| Complete 
|  38|0x0000000085800000, 0x0000000085900000, 0x0000000085900000|100%| E|CS|TAMS 0x0000000085800000, 0x0000000085800000| Complete 
|  39|0x0000000085900000, 0x0000000085a00000, 0x0000000085a00000|100%| E|CS|TAMS 0x0000000085900000, 0x0000000085900000| Complete 
|  40|0x0000000085a00000, 0x0000000085b00000, 0x0000000085b00000|100%| E|CS|TAMS 0x0000000085a00000, 0x0000000085a00000| Complete 
|  41|0x0000000085b00000, 0x0000000085c00000, 0x0000000085c00000|100%| E|CS|TAMS 0x0000000085b00000, 0x0000000085b00000| Complete 
|  74|0x0000000087c00000, 0x0000000087d00000, 0x0000000087d00000|100%| E|CS|TAMS 0x0000000087c00000, 0x0000000087c00000| Complete 
|  75|0x0000000087d00000, 0x0000000087e00000, 0x0000000087e00000|100%| E|CS|TAMS 0x0000000087d00000, 0x0000000087d00000| Complete 
|  76|0x0000000087e00000, 0x0000000087f00000, 0x0000000087f00000|100%| E|CS|TAMS 0x0000000087e00000, 0x0000000087e00000| Complete 
|  77|0x0000000087f00000, 0x0000000088000000, 0x0000000088000000|100%| E|CS|TAMS 0x0000000087f00000, 0x0000000087f00000| Complete 
|  78|0x0000000088000000, 0x0000000088100000, 0x0000000088100000|100%| E|CS|TAMS 0x0000000088000000, 0x0000000088000000| Complete 
|  79|0x0000000088100000, 0x0000000088200000, 0x0000000088200000|100%| E|CS|TAMS 0x0000000088100000, 0x0000000088100000| Complete 
| 124|0x000000008ae00000, 0x000000008af00000, 0x000000008af00000|100%| E|CS|TAMS 0x000000008ae00000, 0x000000008ae00000| Complete 
| 125|0x000000008af00000, 0x000000008b000000, 0x000000008b000000|100%| E|CS|TAMS 0x000000008af00000, 0x000000008af00000| Complete 

Card table byte_map: [0x000001c579150000,0x000001c579540000] _byte_map_base: 0x000001c578d37000

Marking Bits (Prev, Next): (CMBitMap*) 0x000001c570996458, (CMBitMap*) 0x000001c570996418
 Prev Bits: [0x000001c57b870000, 0x000001c57d7a8000)
 Next Bits: [0x000001c579930000, 0x000001c57b868000)

Polling page: 0x000001c570130000

Metaspace:

Usage:
  Non-class:     23.29 MB capacity,    22.67 MB ( 97%) used,   526.71 KB (  2%) free+waste,   107.56 KB ( <1%) overhead. 
      Class:      3.79 MB capacity,     3.39 MB ( 89%) used,   354.63 KB (  9%) free+waste,    55.13 KB (  1%) overhead. 
       Both:     27.08 MB capacity,    26.06 MB ( 96%) used,   881.34 KB (  3%) free+waste,   162.69 KB ( <1%) overhead. 

Virtual space:
  Non-class space:       24.00 MB reserved,      23.42 MB ( 98%) committed 
      Class space:        1.00 GB reserved,       3.88 MB ( <1%) committed 
             Both:        1.02 GB reserved,      27.30 MB (  3%) committed 

Chunk freelists:
   Non-Class:  1.25 KB
       Class:  2.88 KB
        Both:  4.13 KB

CodeHeap 'non-profiled nmethods': size=120064Kb used=1048Kb max_used=1048Kb free=119015Kb
 bounds [0x000001c507ac0000, 0x000001c507d30000, 0x000001c50f000000]
CodeHeap 'profiled nmethods': size=120000Kb used=5023Kb max_used=5023Kb free=114976Kb
 bounds [0x000001c500590000, 0x000001c500a80000, 0x000001c507ac0000]
CodeHeap 'non-nmethods': size=5696Kb used=1239Kb max_used=1255Kb free=4456Kb
 bounds [0x000001c500000000, 0x000001c500270000, 0x000001c500590000]
 total_blobs=3638 nmethods=2391 adapters=510
 compilation: enabled
              stopped_count=0, restarted_count=0
 full_count=0

Compilation events (10 events):
Event: 8.214 Thread 0x000001c57fca6800 nmethod 2539 0x000001c500a78590 code [0x000001c500a78740, 0x000001c500a78978]
Event: 8.214 Thread 0x000001c57fca6800 2542       3       io.netty.util.AsciiString::b2c (7 bytes)
Event: 8.214 Thread 0x000001c57fca6800 nmethod 2542 0x000001c500616390 code [0x000001c500616540, 0x000001c500616698]
Event: 8.219 Thread 0x000001c57fca6800 2543       3       io.netty.buffer.UnsafeByteBufUtil::setByte (7 bytes)
Event: 8.219 Thread 0x000001c57fca6800 nmethod 2543 0x000001c500a78a10 code [0x000001c500a78be0, 0x000001c500a78eb8]
Event: 8.219 Thread 0x000001c57fca6800 2544       3       io.netty.util.internal.PlatformDependent::putByte (6 bytes)
Event: 8.220 Thread 0x000001c57fca6800 nmethod 2544 0x000001c500a79010 code [0x000001c500a791e0, 0x000001c500a79458]
Event: 8.220 Thread 0x000001c57fca6800 2545       3       io.netty.buffer.PooledUnsafeDirectByteBuf::_setByte (11 bytes)
Event: 8.221 Thread 0x000001c57fca6800 nmethod 2545 0x000001c500a79590 code [0x000001c500a79780, 0x000001c500a79b58]
Event: 8.243 Thread 0x000001c5109f5000 nmethod 2541 0x000001c507bc5610 code [0x000001c507bc5800, 0x000001c507bc6058]

GC Heap History (10 events):
Event: 1.459 GC heap before
{Heap before GC invocations=1 (full 0):
 garbage-first heap   total 129024K, used 10767K [0x0000000083200000, 0x0000000100000000)
  region size 1024K, 7 young (7168K), 2 survivors (2048K)
 Metaspace       used 5908K, capacity 6838K, committed 6912K, reserved 1056768K
  class space    used 660K, capacity 753K, committed 768K, reserved 1048576K
}
Event: 1.464 GC heap after
{Heap after GC invocations=2 (full 0):
 garbage-first heap   total 129024K, used 7033K [0x0000000083200000, 0x0000000100000000)
  region size 1024K, 1 young (1024K), 1 survivors (1024K)
 Metaspace       used 5908K, capacity 6838K, committed 6912K, reserved 1056768K
  class space    used 660K, capacity 753K, committed 768K, reserved 1048576K
}
Event: 2.268 GC heap before
{Heap before GC invocations=2 (full 0):
 garbage-first heap   total 129024K, used 29561K [0x0000000083200000, 0x0000000100000000)
  region size 1024K, 23 young (23552K), 1 survivors (1024K)
 Metaspace       used 9887K, capacity 10396K, committed 10752K, reserved 1058816K
  class space    used 1217K, capacity 1421K, committed 1536K, reserved 1048576K
}
Event: 2.272 GC heap after
{Heap after GC invocations=3 (full 0):
 garbage-first heap   total 129024K, used 8108K [0x0000000083200000, 0x0000000100000000)
  region size 1024K, 2 young (2048K), 2 survivors (2048K)
 Metaspace       used 9887K, capacity 10396K, committed 10752K, reserved 1058816K
  class space    used 1217K, capacity 1421K, committed 1536K, reserved 1048576K
}
Event: 2.783 GC heap before
{Heap before GC invocations=3 (full 0):
 garbage-first heap   total 129024K, used 45996K [0x0000000083200000, 0x0000000100000000)
  region size 1024K, 39 young (39936K), 2 survivors (2048K)
 Metaspace       used 12153K, capacity 12755K, committed 12800K, reserved 1060864K
  class space    used 1570K, capacity 1788K, committed 1792K, reserved 1048576K
}
Event: 2.789 GC heap after
{Heap after GC invocations=4 (full 0):
 garbage-first heap   total 129024K, used 8593K [0x0000000083200000, 0x0000000100000000)
  region size 1024K, 2 young (2048K), 2 survivors (2048K)
 Metaspace       used 12153K, capacity 12755K, committed 12800K, reserved 1060864K
  class space    used 1570K, capacity 1788K, committed 1792K, reserved 1048576K
}
Event: 3.972 GC heap before
{Heap before GC invocations=4 (full 0):
 garbage-first heap   total 129024K, used 52625K [0x0000000083200000, 0x0000000100000000)
  region size 1024K, 46 young (47104K), 2 survivors (2048K)
 Metaspace       used 20551K, capacity 21204K, committed 21296K, reserved 1067008K
  class space    used 2582K, capacity 2870K, committed 2944K, reserved 1048576K
}
Event: 3.987 GC heap after
{Heap after GC invocations=5 (full 0):
 garbage-first heap   total 129024K, used 11827K [0x0000000083200000, 0x0000000100000000)
  region size 1024K, 6 young (6144K), 6 survivors (6144K)
 Metaspace       used 20551K, capacity 21204K, committed 21296K, reserved 1067008K
  class space    used 2582K, capacity 2870K, committed 2944K, reserved 1048576K
}
Event: 5.779 GC heap before
{Heap before GC invocations=6 (full 0):
 garbage-first heap   total 51200K, used 35379K [0x0000000083200000, 0x0000000100000000)
  region size 1024K, 30 young (30720K), 6 survivors (6144K)
 Metaspace       used 24454K, capacity 25392K, committed 25520K, reserved 1071104K
  class space    used 3148K, capacity 3529K, committed 3584K, reserved 1048576K
}
Event: 5.790 GC heap after
{Heap after GC invocations=7 (full 0):
 garbage-first heap   total 51200K, used 12902K [0x0000000083200000, 0x0000000100000000)
  region size 1024K, 2 young (2048K), 2 survivors (2048K)
 Metaspace       used 24454K, capacity 25392K, committed 25520K, reserved 1071104K
  class space    used 3148K, capacity 3529K, committed 3584K, reserved 1048576K
}

Deoptimization events (10 events):
Event: 4.036 Thread 0x000001c510e8f800 Uncommon trap: reason=unstable_if action=reinterpret pc=0x000001c507b86eec method=java.lang.CharacterDataLatin1.digit(II)I @ 12 c2
Event: 4.558 Thread 0x000001c510e8f800 Uncommon trap: reason=unstable_if action=reinterpret pc=0x000001c507b86af4 method=java.lang.CharacterDataLatin1.digit(II)I @ 12 c2
Event: 4.689 Thread 0x000001c570957000 Uncommon trap: reason=unstable_if action=reinterpret pc=0x000001c507b6da30 method=java.lang.CharacterDataLatin1.isWhitespace(I)Z @ 14 c2
Event: 4.821 Thread 0x000001c570957000 Uncommon trap: reason=unstable_if action=reinterpret pc=0x000001c507b0e794 method=java.util.regex.Pattern$BmpCharProperty.match(Ljava/util/regex/Matcher;ILjava/lang/CharSequence;)Z @ 39 c2
Event: 5.769 Thread 0x000001c511366000 Uncommon trap: reason=intrinsic_or_type_checked_inlining action=make_not_entrant pc=0x000001c507bb13a8 method=java.util.Arrays.copyOf([Ljava/lang/Object;ILjava/lang/Class;)[Ljava/lang/Object; @ 35 c2
Event: 7.896 Thread 0x000001c570957000 Uncommon trap: reason=unstable_if action=reinterpret pc=0x000001c507b82d88 method=java.util.concurrent.ConcurrentHashMap.putVal(Ljava/lang/Object;Ljava/lang/Object;Z)Ljava/lang/Object; @ 256 c2
Event: 8.117 Thread 0x000001c570957000 Uncommon trap: reason=unstable_if action=reinterpret pc=0x000001c507ae5f4c method=java.lang.AbstractStringBuilder.append(Ljava/lang/String;)Ljava/lang/AbstractStringBuilder; @ 1 c2
Event: 8.169 Thread 0x000001c570957000 Uncommon trap: reason=unstable_if action=reinterpret pc=0x000001c507ad9700 method=java.lang.StringLatin1.canEncode(I)Z @ 4 c2
Event: 8.170 Thread 0x000001c570957000 Uncommon trap: reason=unstable_if action=reinterpret pc=0x000001c507adebe8 method=java.lang.AbstractStringBuilder.isLatin1()Z @ 10 c2
Event: 8.219 Thread 0x000001c511366000 Uncommon trap: reason=unstable_if action=reinterpret pc=0x000001c507b99e88 method=java.io.ByteArrayInputStream.read()I @ 8 c2

Classes redefined (0 events):
No events

Internal exceptions (10 events):
Event: 8.164 Thread 0x000001c570957000 Exception <a 'java/lang/ClassNotFoundException'{0x00000000855844a0}: org/apache/log4j/LayoutCustomizer> (0x00000000855844a0) thrown at [t:/workspace/open/src/hotspot/share/classfile/systemDictionary.cpp, line 235]
Event: 8.167 Thread 0x000001c570957000 Exception <a 'java/lang/ClassNotFoundException'{0x00000000855b6bc8}: org/apache/log4j/PatternLayoutCustomizer> (0x00000000855b6bc8) thrown at [t:/workspace/open/src/hotspot/share/classfile/systemDictionary.cpp, line 235]
Event: 8.173 Thread 0x000001c570957000 Exception <a 'java/lang/ClassNotFoundException'{0x00000000855dcbf8}: org/apache/log4j/RollingFileAppenderBeanInfo> (0x00000000855dcbf8) thrown at [t:/workspace/open/src/hotspot/share/classfile/systemDictionary.cpp, line 235]
Event: 8.174 Thread 0x000001c570957000 Exception <a 'java/lang/ClassNotFoundException'{0x00000000855f6638}: org/apache/log4j/FileAppenderBeanInfo> (0x00000000855f6638) thrown at [t:/workspace/open/src/hotspot/share/classfile/systemDictionary.cpp, line 235]
Event: 8.175 Thread 0x000001c570957000 Exception <a 'java/lang/ClassNotFoundException'{0x0000000085411460}: org/apache/log4j/WriterAppenderBeanInfo> (0x0000000085411460) thrown at [t:/workspace/open/src/hotspot/share/classfile/systemDictionary.cpp, line 235]
Event: 8.176 Thread 0x000001c570957000 Exception <a 'java/lang/ClassNotFoundException'{0x000000008542be68}: org/apache/log4j/AppenderSkeletonBeanInfo> (0x000000008542be68) thrown at [t:/workspace/open/src/hotspot/share/classfile/systemDictionary.cpp, line 235]
Event: 8.177 Thread 0x000001c570957000 Exception <a 'java/lang/ClassNotFoundException'{0x00000000854474d0}: org/apache/log4j/AppenderSkeletonCustomizer> (0x00000000854474d0) thrown at [t:/workspace/open/src/hotspot/share/classfile/systemDictionary.cpp, line 235]
Event: 8.181 Thread 0x000001c570957000 Exception <a 'java/lang/ClassNotFoundException'{0x0000000085479418}: org/apache/log4j/WriterAppenderCustomizer> (0x0000000085479418) thrown at [t:/workspace/open/src/hotspot/share/classfile/systemDictionary.cpp, line 235]
Event: 8.184 Thread 0x000001c570957000 Exception <a 'java/lang/ClassNotFoundException'{0x000000008549dba0}: org/apache/log4j/FileAppenderCustomizer> (0x000000008549dba0) thrown at [t:/workspace/open/src/hotspot/share/classfile/systemDictionary.cpp, line 235]
Event: 8.193 Thread 0x000001c570957000 Exception <a 'java/lang/ClassNotFoundException'{0x00000000854c3c40}: org/apache/log4j/RollingFileAppenderCustomizer> (0x00000000854c3c40) thrown at [t:/workspace/open/src/hotspot/share/classfile/systemDictionary.cpp, line 235]

Events (10 events):
Event: 8.218 Executing VM operation: RevokeBias done
Event: 8.219 Thread 0x000001c511366000 Uncommon trap: trap_request=0xffffff4d fr.pc=0x000001c507b99e88 relative=0x0000000000000248
Event: 8.219 Executing VM operation: RevokeBias
Event: 8.219 Executing VM operation: RevokeBias done
Event: 8.220 Thread 0x000001c511366000 DEOPT PACKING pc=0x000001c507b99e88 sp=0x000000c4be1fe5b0
Event: 8.220 Thread 0x000001c511366000 DEOPT UNPACKING pc=0x000001c500028da9 sp=0x000000c4be1fe568 mode 2
Event: 8.220 Executing VM operation: RevokeBias
Event: 8.220 Executing VM operation: RevokeBias done
Event: 8.221 Executing VM operation: RevokeBias
Event: 8.221 Executing VM operation: RevokeBias done


Dynamic libraries:
0x00007ff770580000 - 0x00007ff77058f000 	C:\Program Files\Java\jdk-12\bin\javaw.exe
0x00007ffa8a650000 - 0x00007ffa8a847000 	C:\Windows\SYSTEM32\ntdll.dll
0x00007ffa89fc0000 - 0x00007ffa8a07d000 	C:\Windows\System32\KERNEL32.DLL
0x00007ffa88360000 - 0x00007ffa88656000 	C:\Windows\System32\KERNELBASE.dll
0x00007ffa88260000 - 0x00007ffa88360000 	C:\Windows\System32\ucrtbase.dll
0x00007ffa85150000 - 0x00007ffa85166000 	C:\Program Files\Java\jdk-12\bin\VCRUNTIME140.dll
0x00007ffa85120000 - 0x00007ffa85138000 	C:\Program Files\Java\jdk-12\bin\jli.dll
0x00007ffa88920000 - 0x00007ffa889ce000 	C:\Windows\System32\ADVAPI32.dll
0x00007ffa89af0000 - 0x00007ffa89b8e000 	C:\Windows\System32\msvcrt.dll
0x00007ffa88b00000 - 0x00007ffa88b9c000 	C:\Windows\System32\sechost.dll
0x00007ffa89810000 - 0x00007ffa89936000 	C:\Windows\System32\RPCRT4.dll
0x00007ffa89d60000 - 0x00007ffa89efe000 	C:\Windows\System32\USER32.dll
0x00007ffa72f90000 - 0x00007ffa7322a000 	C:\Windows\WinSxS\amd64_microsoft.windows.common-controls_6595b64144ccf1df_6.0.19041.3570_none_60bb2a3971f3e41a\COMCTL32.dll
0x00007ffa87fe0000 - 0x00007ffa88002000 	C:\Windows\System32\win32u.dll
0x00007ffa886b0000 - 0x00007ffa886dc000 	C:\Windows\System32\GDI32.dll
0x00007ffa88140000 - 0x00007ffa8825a000 	C:\Windows\System32\gdi32full.dll
0x00007ffa880a0000 - 0x00007ffa8813d000 	C:\Windows\System32\msvcp_win.dll
0x00007ffa7c450000 - 0x00007ffa7c45a000 	C:\Windows\SYSTEM32\VERSION.dll
0x00007ffa89cd0000 - 0x00007ffa89d00000 	C:\Windows\System32\IMM32.DLL
0x00007ffa82430000 - 0x00007ffa824da000 	C:\Program Files\Java\jdk-12\bin\msvcp140.dll
0x00007ffa53860000 - 0x00007ffa543d4000 	C:\Program Files\Java\jdk-12\bin\server\jvm.dll
0x00007ffa889d0000 - 0x00007ffa889d8000 	C:\Windows\System32\PSAPI.DLL
0x00007ffa81480000 - 0x00007ffa814a7000 	C:\Windows\SYSTEM32\WINMM.dll
0x00007ffa6ddc0000 - 0x00007ffa6ddc9000 	C:\Windows\SYSTEM32\WSOCK32.dll
0x00007ffa89b90000 - 0x00007ffa89bfb000 	C:\Windows\System32\WS2_32.dll
0x00007ffa85bd0000 - 0x00007ffa85be2000 	C:\Windows\SYSTEM32\kernel.appcore.dll
0x00007ffa85000000 - 0x00007ffa85011000 	C:\Program Files\Java\jdk-12\bin\verify.dll
0x00007ffa79c10000 - 0x00007ffa79df4000 	C:\Windows\SYSTEM32\DBGHELP.DLL
0x00007ffa79ba0000 - 0x00007ffa79bd4000 	C:\Windows\SYSTEM32\dbgcore.DLL
0x00007ffa88010000 - 0x00007ffa88092000 	C:\Windows\System32\bcryptPrimitives.dll
0x00007ffa84fd0000 - 0x00007ffa84ff6000 	C:\Program Files\Java\jdk-12\bin\java.dll
0x00007ffa84f70000 - 0x00007ffa84f87000 	C:\Program Files\Java\jdk-12\bin\zip.dll
0x00007ffa851c0000 - 0x00007ffa851ca000 	C:\Program Files\Java\jdk-12\bin\jimage.dll
0x00007ffa88d30000 - 0x00007ffa89474000 	C:\Windows\System32\SHELL32.dll
0x00007ffa85dd0000 - 0x00007ffa8656b000 	C:\Windows\SYSTEM32\windows.storage.dll
0x00007ffa89480000 - 0x00007ffa897d4000 	C:\Windows\System32\combase.dll
0x00007ffa87770000 - 0x00007ffa8779d000 	C:\Windows\SYSTEM32\Wldp.dll
0x00007ffa88ba0000 - 0x00007ffa88c4d000 	C:\Windows\System32\SHCORE.dll
0x00007ffa89f60000 - 0x00007ffa89fb5000 	C:\Windows\System32\shlwapi.dll
0x00007ffa87c60000 - 0x00007ffa87c85000 	C:\Windows\SYSTEM32\profapi.dll
0x00007ffa84f50000 - 0x00007ffa84f69000 	C:\Program Files\Java\jdk-12\bin\net.dll
0x00007ffa7e7f0000 - 0x00007ffa7e8fa000 	C:\Windows\SYSTEM32\WINHTTP.dll
0x00007ffa7bdb0000 - 0x00007ffa7bf9d000 	C:\Windows\SYSTEM32\urlmon.dll
0x00007ffa7baf0000 - 0x00007ffa7bdac000 	C:\Windows\SYSTEM32\iertutil.dll
0x00007ffa7b9e0000 - 0x00007ffa7ba09000 	C:\Windows\SYSTEM32\srvcli.dll
0x00007ffa87280000 - 0x00007ffa8728c000 	C:\Windows\SYSTEM32\netutils.dll
0x00007ffa874d0000 - 0x00007ffa8753a000 	C:\Windows\system32\mswsock.dll
0x00007ffa83740000 - 0x00007ffa83753000 	C:\Program Files\Java\jdk-12\bin\nio.dll
0x00007ffa871b0000 - 0x00007ffa8727a000 	C:\Windows\SYSTEM32\DNSAPI.dll
0x00007ffa87170000 - 0x00007ffa871ab000 	C:\Windows\SYSTEM32\IPHLPAPI.DLL
0x00007ffa89800000 - 0x00007ffa89808000 	C:\Windows\System32\NSI.dll
0x00007ffa7d520000 - 0x00007ffa7d52a000 	C:\Windows\System32\rasadhlp.dll
0x00007ffa7d620000 - 0x00007ffa7d6a2000 	C:\Windows\System32\fwpuclnt.dll
0x00007ffa87d30000 - 0x00007ffa87d57000 	C:\Windows\System32\bcrypt.dll
0x00007ffa876c0000 - 0x00007ffa876d8000 	C:\Windows\SYSTEM32\CRYPTSP.dll
0x00007ffa86d70000 - 0x00007ffa86da4000 	C:\Windows\system32\rsaenh.dll
0x00007ffa87be0000 - 0x00007ffa87c0e000 	C:\Windows\SYSTEM32\USERENV.dll
0x00007ffa876e0000 - 0x00007ffa876ec000 	C:\Windows\SYSTEM32\CRYPTBASE.dll
0x00007ffa7f360000 - 0x00007ffa7f377000 	C:\Windows\SYSTEM32\dhcpcsvc6.DLL
0x00007ffa7f340000 - 0x00007ffa7f35d000 	C:\Windows\SYSTEM32\dhcpcsvc.DLL
0x00007ffa851a0000 - 0x00007ffa851a9000 	C:\Program Files\Java\jdk-12\bin\management.dll
0x00007ffa85110000 - 0x00007ffa8511c000 	C:\Program Files\Java\jdk-12\bin\management_ext.dll
0x00007ffa73d70000 - 0x00007ffa73d87000 	C:\Windows\system32\napinsp.dll
0x00007ffa73d50000 - 0x00007ffa73d6b000 	C:\Windows\system32\pnrpnsp.dll
0x00007ffa73d30000 - 0x00007ffa73d45000 	C:\Windows\system32\wshbth.dll
0x00007ffa83620000 - 0x00007ffa8363d000 	C:\Windows\system32\NLAapi.dll
0x00007ffa73d10000 - 0x00007ffa73d22000 	C:\Windows\System32\winrnr.dll
0x00007ffa82400000 - 0x00007ffa82427000 	C:\Program Files\Java\jdk-12\bin\sunec.dll

dbghelp: loaded successfully - version: 4.0.5 - missing functions: none
symbol engine: initialized successfully - sym options: 0x614 - pdb path: .;C:\Program Files\Java\jdk-12\bin;C:\Windows\SYSTEM32;C:\Windows\WinSxS\amd64_microsoft.windows.common-controls_6595b64144ccf1df_6.0.19041.3570_none_60bb2a3971f3e41a;C:\Program Files\Java\jdk-12\bin\server

VM Arguments:
jvm_args: -ea -Dfile.encoding=Cp1252 
java_command: org.testng.remote.RemoteTestNG -serport 57752 -protocol json -d E:\java demo\Xinetbankingv2\test-output E:\java demo\Xinetbankingv2\Testng.xml
java_class_path (initial): C:\Users\Vikas\eclipse\java-2021-09\eclipse\configuration\org.eclipse.osgi\442\0\.cp\lib\testng-remote.jar;E:\java demo\Xinetbankingv2\target\test-classes;E:\java demo\Xinetbankingv2\target\classes;C:\Users\Vikas\.m2\repository\junit\junit\4.11\junit-4.11.jar;C:\Users\Vikas\.m2\repository\org\hamcrest\hamcrest-core\1.3\hamcrest-core-1.3.jar;C:\Users\Vikas\.m2\repository\org\testng\testng\7.6.1\testng-7.6.1.jar;C:\Users\Vikas\.m2\repository\com\google\code\findbugs\jsr305\3.0.2\jsr305-3.0.2.jar;C:\Users\Vikas\.m2\repository\org\slf4j\slf4j-api\1.7.36\slf4j-api-1.7.36.jar;C:\Users\Vikas\.m2\repository\com\beust\jcommander\1.82\jcommander-1.82.jar;C:\Users\Vikas\.m2\repository\org\webjars\jquery\3.6.0\jquery-3.6.0.jar;C:\Users\Vikas\.m2\repository\org\seleniumhq\selenium\selenium-java\4.4.0\selenium-java-4.4.0.jar;C:\Users\Vikas\.m2\repository\org\seleniumhq\selenium\selenium-api\4.4.0\selenium-api-4.4.0.jar;C:\Users\Vikas\.m2\repository\org\seleniumhq\selenium\selenium-chrome-driver\4.4.0\selenium-chrome-driver-4.4.0.jar;C:\Users\Vikas\.m2\repository\com\google\auto\service\auto-service-annotations\1.0.1\auto-service-annotations-1.0.1.jar;C:\Users\Vikas\.m2\repository\com\google\auto\service\auto-service\1.0.1\auto-service-1.0.1.jar;C:\Users\Vikas\.m2\repository\com\google\auto\auto-common\1.2\auto-common-1.2.jar;C:\Users\Vikas\.m2\repository\com\google\guava\guava\31.1-jre\guava-31.1-jre.jar;C:\Users\Vikas\.m2\repository\com\google\guava\failureaccess\1.0.1\failureaccess-1.0.1.jar;C:\Users\Vikas\.m2\repository\com\google\guava\listenablefuture\9999.0-empty-to-avoid-conflict-with-guava\listenablefuture-9999.0-empty-to-avoid-conflict-with-guava.jar;C:\Users\Vikas\.m2\repository\org\checkerframework\checker-qual\3.12.0\checker-qual-3.12.0.jar;C:\Users\Vikas\.m2\repository\com\google\errorprone\error_prone_annotations\2.11.0\error_prone_annotations-2.11.0.jar;C:\Users\Vikas\.m2\repository\com\google\j2objc\j2objc-annotations\1.3\j2objc-annota
Launcher Type: SUN_STANDARD

[Global flags]
     intx CICompilerCount                          = 3                                         {product} {ergonomic}
     uint ConcGCThreads                            = 1                                         {product} {ergonomic}
     uint G1ConcRefinementThreads                  = 4                                         {product} {ergonomic}
   size_t G1HeapRegionSize                         = 1048576                                   {product} {ergonomic}
    uintx GCDrainStackTargetSize                   = 64                                        {product} {ergonomic}
   size_t InitialHeapSize                          = 132120576                                 {product} {ergonomic}
   size_t MarkStackSize                            = 4194304                                   {product} {ergonomic}
   size_t MaxHeapSize                              = 2095054848                                {product} {ergonomic}
   size_t MaxNewSize                               = 1256194048                                {product} {ergonomic}
   size_t MinHeapDeltaBytes                        = 1048576                                   {product} {ergonomic}
    uintx NonNMethodCodeHeapSize                   = 5830732                                {pd product} {ergonomic}
    uintx NonProfiledCodeHeapSize                  = 122913754                              {pd product} {ergonomic}
    uintx ProfiledCodeHeapSize                     = 122913754                              {pd product} {ergonomic}
    uintx ReservedCodeCacheSize                    = 251658240                              {pd product} {ergonomic}
     bool SegmentedCodeCache                       = true                                      {product} {ergonomic}
     bool UseCompressedClassPointers               = true                                 {lp64_product} {ergonomic}
     bool UseCompressedOops                        = true                                 {lp64_product} {ergonomic}
     bool UseG1GC                                  = true                                      {product} {ergonomic}
     bool UseLargePagesIndividualAllocation        = false                                  {pd product} {ergonomic}

Logging:
Log output configuration:
 #0: stdout all=warning uptime,level,tags
 #1: stderr all=off uptime,level,tags

Environment Variables:
PATH=C:/Users/Vikas/.p2/pool/plugins/org.eclipse.justj.openjdk.hotspot.jre.full.win32.x86_64_17.0.1.v20211116-1657/jre/bin/server;C:/Users/Vikas/.p2/pool/plugins/org.eclipse.justj.openjdk.hotspot.jre.full.win32.x86_64_17.0.1.v20211116-1657/jre/bin;E:\ORACLE\viky\dbhomeXE\bin;E:\OracleDatabase\vikas\dbhomeXE\bin;C:\Program Files\Java\jdk-17.0.1\bin;C:\Windows\system32;C:\Windows;C:\Windows\System32\Wbem;C:\Windows\System32\WindowsPowerShell\v1.0\;C:\Windows\System32\OpenSSH\;C:\Program Files\Git\cmd;C:\Program Files\Java\jdk-11\bin;C:\Program Files\nodejs\;C:\apache-maven-3.8.6-bin\apache-maven-3.8.6\bin;C:\Users\Vikas\AppData\Local\Programs\Python\Python310\Scripts\;C:\Users\Vikas\AppData\Local\Programs\Python\Python310\;C:\Program Files\Java\jdk-12\bin;C:\Users\Vikas\AppData\Local\gitkraken\bin;C:\Users\Vikas\AppData\Local\Programs\Microsoft VS Code\bin;C:\Users\Vikas\AppData\Roaming\npm;C:\Program Files\JetBrains\IntelliJ IDEA 2022.3.1\bin;;C:\Users\Vikas\Desktop;
USERNAME=Vikas
OS=Windows_NT
PROCESSOR_IDENTIFIER=Intel64 Family 6 Model 37 Stepping 5, GenuineIntel



---------------  S Y S T E M  ---------------

OS: Windows 10 , 64 bit Build 19041 (10.0.19041.3570)

CPU:total 4 (initial active 4) (2 cores per cpu, 2 threads per core) family 6 model 37 stepping 5, cmov, cx8, fxsr, mmx, sse, sse2, sse3, ssse3, sse4.1, sse4.2, popcnt, ht, tsc, tscinvbit

Memory: 4k page, system-wide physical 7989M (499M free)
TotalPageFile size 19270M (AvailPageFile size 6M)
current process WorkingSet (physical memory assigned to process): 168M, peak: 170M
current process commit charge ("private bytes"): 201M, peak: 248M

vm_info: Java HotSpot(TM) 64-Bit Server VM (12+33) for windows-amd64 JRE (12+33), built on Feb 21 2019 02:31:50 by "mach5one" with MS VC++ 15.5 (VS2017)

END.
